<?xml version="1.0" encoding="UTF-8"?>
<!-- Generated by org.testng.reporters.JUnitXMLReporter -->
<testsuite hostname="HJNZL001973" ignored="0" name="MSEdgeTest" tests="2" failures="0" timestamp="2021-11-20T18:54:59 IST" time="0.013" errors="0">
  <testcase name="@BeforeMethod beforeMethod" time="0.003" classname="com.selenium.functionalTest.AdminLogin">
    <failure type="java.lang.NullPointerException">
      <![CDATA[java.lang.NullPointerException
at com.selenium.functionalTest.AdminLogin.beforeMethod(AdminLogin.java:66)
at java.util.ArrayList.forEach(Unknown Source)
... Removed 31 stack frames]]>
    </failure>
  </testcase> <!-- @BeforeMethod beforeMethod -->
  <testcase name="@AfterMethod afterMethod" time="-1.637414699116E9" classname="com.selenium.functionalTest.AdminLogin">
    <skipped/>
  </testcase> <!-- @AfterMethod afterMethod -->
  <testcase name="@BeforeMethod beforeMethod" time="0.002" classname="com.selenium.functionalTest.Login">
    <failure type="java.lang.NullPointerException">
      <![CDATA[java.lang.NullPointerException
at com.selenium.functionalTest.BrowserConfiguration.setup(BrowserConfiguration.java:18)
at com.selenium.functionalTest.Login.beforeMethod(Login.java:84)
at java.util.ArrayList.forEach(Unknown Source)
... Removed 31 stack frames]]>
    </failure>
  </testcase> <!-- @BeforeMethod beforeMethod -->
  <testcase name="@AfterMethod afterMethod" time="-1.637414699123E9" classname="com.selenium.functionalTest.Login">
    <skipped/>
  </testcase> <!-- @AfterMethod afterMethod -->
  <testcase name="login" time="0.0" classname="com.selenium.functionalTest.AdminLogin">
    <skipped/>
  </testcase> <!-- login -->
  <testcase name="login" time="0.0" classname="com.selenium.functionalTest.Login">
    <skipped/>
  </testcase> <!-- login -->
</testsuite> <!-- MSEdgeTest -->
